<?xml version="1.0" encoding="UTF-8" standalone="yes"?>
<ns2:test-suite start="1470760572435" stop="1470760573356" version="1.4.16" xmlns:ns2="urn:model.allure.qatools.yandex.ru">
    <name>Default suite : Default test</name>
    <title>Default suite : Default test</title>
    <test-cases>
        <test-case start="1470760572542" stop="1470760572567" status="passed">
            <name>test[test1,test2]</name>
            <steps/>
            <attachments/>
            <labels>
                <label name="host" value="jai-sri-ram"/>
                <label name="thread" value="19884@jai-sri-ram.main(1)"/>
            </labels>
        </test-case>
        <test-case start="1470760572747" stop="1470760572750" status="passed">
            <name>test[test3,test4]</name>
            <steps/>
            <attachments/>
            <labels>
                <label name="host" value="jai-sri-ram"/>
                <label name="thread" value="19884@jai-sri-ram.main(1)"/>
            </labels>
        </test-case>
        <test-case start="1470760572756" stop="1470760572759" status="passed">
            <name>test[test5,test6]</name>
            <steps/>
            <attachments/>
            <labels>
                <label name="host" value="jai-sri-ram"/>
                <label name="thread" value="19884@jai-sri-ram.main(1)"/>
            </labels>
        </test-case>
        <test-case start="1470760572766" stop="1470760572768" status="passed">
            <name>test[,test7]</name>
            <steps/>
            <attachments/>
            <labels>
                <label name="host" value="jai-sri-ram"/>
                <label name="thread" value="19884@jai-sri-ram.main(1)"/>
            </labels>
        </test-case>
        <test-case start="1470760573206" stop="1470760573214" status="broken">
            <name>tearDown</name>
            <description>@AfterClass</description>
            <failure>
                <message>NullPointerException: null</message>
                <stack-trace>java.lang.NullPointerException
	at com.app.testbase.WebDriverBase.tearDown(WebDriverBase.java:107)
	at sun.reflect.NativeMethodAccessorImpl.invoke0(Native Method)
	at sun.reflect.NativeMethodAccessorImpl.invoke(Unknown Source)
	at sun.reflect.DelegatingMethodAccessorImpl.invoke(Unknown Source)
	at java.lang.reflect.Method.invoke(Unknown Source)
	at org.testng.internal.MethodInvocationHelper.invokeMethod(MethodInvocationHelper.java:85)
	at org.testng.internal.Invoker.invokeConfigurationMethod(Invoker.java:510)
	at org.testng.internal.Invoker.invokeConfigurations(Invoker.java:211)
	at org.testng.internal.Invoker.invokeConfigurations(Invoker.java:138)
	at org.testng.internal.TestMethodWorker.invokeAfterClassMethods(TestMethodWorker.java:220)
	at org.testng.internal.TestMethodWorker.run(TestMethodWorker.java:111)
	at org.testng.TestRunner.privateRun(TestRunner.java:774)
	at org.testng.TestRunner.run(TestRunner.java:624)
	at org.testng.SuiteRunner.runTest(SuiteRunner.java:359)
	at org.testng.SuiteRunner.runSequentially(SuiteRunner.java:354)
	at org.testng.SuiteRunner.privateRun(SuiteRunner.java:312)
	at org.testng.SuiteRunner.run(SuiteRunner.java:261)
	at org.testng.SuiteRunnerWorker.runSuite(SuiteRunnerWorker.java:52)
	at org.testng.SuiteRunnerWorker.run(SuiteRunnerWorker.java:86)
	at org.testng.TestNG.runSuitesSequentially(TestNG.java:1215)
	at org.testng.TestNG.runSuitesLocally(TestNG.java:1140)
	at org.testng.TestNG.run(TestNG.java:1048)
	at org.testng.remote.AbstractRemoteTestNG.run(AbstractRemoteTestNG.java:126)
	at org.testng.remote.RemoteTestNG.initAndRun(RemoteTestNG.java:152)
	at org.testng.remote.RemoteTestNG.main(RemoteTestNG.java:57)
</stack-trace>
            </failure>
            <steps>
                <step start="1470760572810" stop="1470760573201" status="broken">
                    <name>onTestFailure[[TestResult name=test status=FAILURE method=DataProviderTest.test(java.lang.String, java.lang.String)[pri:...]</name>
                    <title>Failure captured, documented with: </title>
                    <attachments>
                        <attachment title="Test Case Name:" source="89f4e2f1-c18d-4ab2-bd6b-b1c4c2a4e5e3-attachment.txt" type="text/plain"/>
                    </attachments>
                </step>
            </steps>
            <attachments/>
            <labels>
                <label name="host" value="jai-sri-ram"/>
                <label name="thread" value="19884@jai-sri-ram.main(1)"/>
            </labels>
        </test-case>
    </test-cases>
    <labels>
        <label name="framework" value="TestNG"/>
        <label name="language" value="JAVA"/>
    </labels>
</ns2:test-suite>
